<?xml version="1.0" encoding="UTF-8"?>
<!-- Generated by org.testng.reporters.JUnitReportReporter -->
<testsuite skipped="0" hostname="HYD-LAP-0646" name="com.restassured.baseTest.TestFile.ReqresTest" tests="1" failures="0" timestamp="2020-05-10T13:15:43 IST" time="6.274" errors="0">
  <testcase name="postrequest" time="6.274" classname="com.restassured.baseTest.TestFile.ReqresTest"/>
  <system-out/>
</testsuite> <!-- com.restassured.baseTest.TestFile.ReqresTest -->
